#
# There is insufficient memory for the Java Runtime Environment to continue.
# Native memory allocation (malloc) failed to allocate 2142576 bytes for Chunk::new
# Possible reasons:
#   The system is out of physical RAM or swap space
#   In 32 bit mode, the process size limit was hit
# Possible solutions:
#   Reduce memory load on the system
#   Increase physical memory or swap space
#   Check if swap backing store is full
#   Use 64 bit Java on a 64 bit OS
#   Decrease Java heap size (-Xmx/-Xms)
#   Decrease number of Java threads
#   Decrease Java thread stack sizes (-Xss)
#   Set larger code cache with -XX:ReservedCodeCacheSize=
# This output file may be truncated or incomplete.
#
#  Out of Memory Error (allocation.cpp:390), pid=10392, tid=8724
#
# JRE version: Java(TM) SE Runtime Environment (8.0_91-b15) (build 1.8.0_91-b15)
# Java VM: Java HotSpot(TM) 64-Bit Server VM (25.91-b15 mixed mode windows-amd64 compressed oops)
# Failed to write core dump. Minidumps are not enabled by default on client versions of Windows
#

---------------  T H R E A D  ---------------

Current thread (0x000000001a1b4000):  JavaThread "C2 CompilerThread1" daemon [_thread_in_native, id=8724, stack(0x000000001bfc0000,0x000000001c0c0000)]

Stack: [0x000000001bfc0000,0x000000001c0c0000]
[error occurred during error reporting (printing stack bounds), id 0xc0000005]

Native frames: (J=compiled Java code, j=interpreted, Vv=VM code, C=native code)


Current CompileTask:
C2:  14678 4683   !   4       org.aspectj.weaver.World::resolve (293 bytes)


---------------  P R O C E S S  ---------------

Java Threads: ( => current thread )
  0x000000001ec20800 JavaThread "CleanCursors-1-thread-1" daemon [_thread_blocked, id=11360, stack(0x0000000027730000,0x0000000027830000)]
  0x000000001ec22800 JavaThread "cluster-ClusterId{value='5b0997a6ee7a4628985ef515', description='null'}-localhost:27017" daemon [_thread_blocked, id=13796, stack(0x0000000027630000,0x0000000027730000)]
  0x000000001ec23800 JavaThread "Druid-ConnectionPool-Destroy-1979088869" daemon [_thread_blocked, id=9812, stack(0x0000000026100000,0x0000000026200000)]
  0x000000001ec22000 JavaThread "Druid-ConnectionPool-Create-1979088869" daemon [_thread_blocked, id=12244, stack(0x0000000026000000,0x0000000026100000)]
  0x000000001ec21000 JavaThread "Abandoned connection cleanup thread" daemon [_thread_blocked, id=6760, stack(0x0000000023c70000,0x0000000023d70000)]
  0x000000001c728000 JavaThread "ReaderThread" [_thread_in_native, id=1512, stack(0x000000001cbc0000,0x000000001ccc0000)]
  0x000000001b678800 JavaThread "Service Thread" daemon [_thread_blocked, id=13360, stack(0x000000001c1c0000,0x000000001c2c0000)]
  0x000000001a1b5000 JavaThread "C1 CompilerThread2" daemon [_thread_blocked, id=11452, stack(0x000000001c0c0000,0x000000001c1c0000)]
=>0x000000001a1b4000 JavaThread "C2 CompilerThread1" daemon [_thread_in_native, id=8724, stack(0x000000001bfc0000,0x000000001c0c0000)]
  0x000000001a1a8800 JavaThread "C2 CompilerThread0" daemon [_thread_in_native, id=3868, stack(0x000000001bec0000,0x000000001bfc0000)]
  0x000000001a19a000 JavaThread "JDWP Command Reader" daemon [_thread_in_native, id=15764, stack(0x000000001bdc0000,0x000000001bec0000)]
  0x000000001a197000 JavaThread "JDWP Event Helper Thread" daemon [_thread_blocked, id=9096, stack(0x000000001bcc0000,0x000000001bdc0000)]
  0x000000001a188000 JavaThread "JDWP Transport Listener: dt_socket" daemon [_thread_blocked, id=8636, stack(0x000000001bbc0000,0x000000001bcc0000)]
  0x000000001a17d800 JavaThread "Attach Listener" daemon [_thread_blocked, id=6184, stack(0x000000001bac0000,0x000000001bbc0000)]
  0x000000001b603800 JavaThread "Signal Dispatcher" daemon [_thread_blocked, id=16076, stack(0x000000001b9c0000,0x000000001bac0000)]
  0x000000001a150000 JavaThread "Finalizer" daemon [_thread_blocked, id=8856, stack(0x000000001b3c0000,0x000000001b4c0000)]
  0x0000000005666800 JavaThread "Reference Handler" daemon [_thread_blocked, id=804, stack(0x000000001b2c0000,0x000000001b3c0000)]
  0x0000000005577000 JavaThread "main" [_thread_in_native, id=4060, stack(0x0000000005470000,0x0000000005570000)]

Other Threads:
  0x000000001a128000 VMThread [stack: 0x000000001b1c0000,0x000000001b2c0000] [id=15140]
  0x000000001b6e6000 WatcherThread [stack: 0x000000001c2c0000,0x000000001c3c0000] [id=5132]

VM state:not at safepoint (normal execution)

VM Mutex/Monitor currently owned by a thread: None

Heap:
 PSYoungGen      total 300032K, used 56955K [0x00000000d6000000, 0x00000000ef500000, 0x0000000100000000)
  eden space 268288K, 21% used [0x00000000d6000000,0x00000000d979ed08,0x00000000e6600000)
  from space 31744K, 0% used [0x00000000e6600000,0x00000000e6600000,0x00000000e8500000)
  to   space 31232K, 0% used [0x00000000ed680000,0x00000000ed680000,0x00000000ef500000)
 ParOldGen       total 133632K, used 47954K [0x0000000082000000, 0x000000008a280000, 0x00000000d6000000)
  object space 133632K, 35% used [0x0000000082000000,0x0000000084ed4b50,0x000000008a280000)
 Metaspace       used 52212K, capacity 53640K, committed 53804K, reserved 1095680K
  class space    used 6695K, capacity 6972K, committed 7040K, reserved 1048576K

Card table byte_map: [0x0000000014a30000,0x0000000014e30000] byte_map_base: 0x0000000014620000

Marking Bits: (ParMarkBitMap*) 0x0000000057852f70
 Begin Bits: [0x00000000154d0000, 0x0000000017450000)
 End Bits:   [0x0000000017450000, 0x00000000193d0000)

Polling page: 0x0000000003340000

CodeCache: size=245760Kb used=16693Kb max_used=18116Kb free=229066Kb
 bounds [0x0000000005670000, 0x0000000006840000, 0x0000000014670000]
 total_blobs=5028 nmethods=4522 adapters=425
 compilation: enabled

Compilation events (10 events):
Event: 14.573 Thread 0x000000001a1b5000 5231       2       java.lang.reflect.Field::set (52 bytes)
Event: 14.573 Thread 0x000000001a1b5000 nmethod 5231 0x00000000058f0d50 code [0x00000000058f0ee0, 0x00000000058f11a8]
Event: 14.574 Thread 0x000000001a1b5000 5232   !   2       com.sun.proxy.$Proxy35::annotationType (29 bytes)
Event: 14.574 Thread 0x000000001a1b5000 nmethod 5232 0x0000000005d5a650 code [0x0000000005d5a7e0, 0x0000000005d5aaf8]
Event: 14.575 Thread 0x000000001a1b5000 5233       2       org.springframework.beans.factory.support.AbstractBeanDefinition::<init> (7 bytes)
Event: 14.575 Thread 0x000000001a1b5000 nmethod 5233 0x0000000005b39490 code [0x0000000005b39600, 0x0000000005b39788]
Event: 14.617 Thread 0x000000001a1b5000 5235       2       sun.reflect.annotation.AnnotationParser::skipAnnotation (40 bytes)
Event: 14.617 Thread 0x000000001a1b5000 nmethod 5235 0x0000000006297a90 code [0x0000000006297c20, 0x0000000006297ea8]
Event: 14.618 Thread 0x000000001a1b5000 5236       2       org.springframework.core.ResolvableType::resolveMethodParameter (45 bytes)
Event: 14.619 Thread 0x000000001a1b5000 nmethod 5236 0x0000000005790c50 code [0x0000000005790e20, 0x0000000005791268]

GC Heap History (10 events):
Event: 6.911 GC heap before
{Heap before GC invocations=10 (full 1):
 PSYoungGen      total 211456K, used 211437K [0x00000000d6000000, 0x00000000e5c00000, 0x0000000100000000)
  eden space 196608K, 100% used [0x00000000d6000000,0x00000000e2000000,0x00000000e2000000)
  from space 14848K, 99% used [0x00000000e3480000,0x00000000e42fb688,0x00000000e4300000)
  to   space 20992K, 0% used [0x00000000e2000000,0x00000000e2000000,0x00000000e3480000)
 ParOldGen       total 47616K, used 24595K [0x0000000082000000, 0x0000000084e80000, 0x00000000d6000000)
  object space 47616K, 51% used [0x0000000082000000,0x0000000083804d40,0x0000000084e80000)
 Metaspace       used 30616K, capacity 31506K, committed 31744K, reserved 1077248K
  class space    used 4042K, capacity 4229K, committed 4352K, reserved 1048576K
Event: 6.989 GC heap after
Heap after GC invocations=10 (full 1):
 PSYoungGen      total 217600K, used 20987K [0x00000000d6000000, 0x00000000eb500000, 0x0000000100000000)
  eden space 196608K, 0% used [0x00000000d6000000,0x00000000d6000000,0x00000000e2000000)
  from space 20992K, 99% used [0x00000000e2000000,0x00000000e347ee98,0x00000000e3480000)
  to   space 33280K, 0% used [0x00000000e9480000,0x00000000e9480000,0x00000000eb500000)
 ParOldGen       total 47616K, used 46185K [0x0000000082000000, 0x0000000084e80000, 0x00000000d6000000)
  object space 47616K, 96% used [0x0000000082000000,0x0000000084d1a4a8,0x0000000084e80000)
 Metaspace       used 30616K, capacity 31506K, committed 31744K, reserved 1077248K
  class space    used 4042K, capacity 4229K, committed 4352K, reserved 1048576K
}
Event: 6.989 GC heap before
{Heap before GC invocations=11 (full 2):
 PSYoungGen      total 217600K, used 20987K [0x00000000d6000000, 0x00000000eb500000, 0x0000000100000000)
  eden space 196608K, 0% used [0x00000000d6000000,0x00000000d6000000,0x00000000e2000000)
  from space 20992K, 99% used [0x00000000e2000000,0x00000000e347ee98,0x00000000e3480000)
  to   space 33280K, 0% used [0x00000000e9480000,0x00000000e9480000,0x00000000eb500000)
 ParOldGen       total 47616K, used 46185K [0x0000000082000000, 0x0000000084e80000, 0x00000000d6000000)
  object space 47616K, 96% used [0x0000000082000000,0x0000000084d1a4a8,0x0000000084e80000)
 Metaspace       used 30616K, capacity 31506K, committed 31744K, reserved 1077248K
  class space    used 4042K, capacity 4229K, committed 4352K, reserved 1048576K
Event: 7.146 GC heap after
Heap after GC invocations=11 (full 2):
 PSYoungGen      total 217600K, used 4857K [0x00000000d6000000, 0x00000000eb500000, 0x0000000100000000)
  eden space 196608K, 0% used [0x00000000d6000000,0x00000000d6000000,0x00000000e2000000)
  from space 20992K, 23% used [0x00000000e2000000,0x00000000e24be678,0x00000000e3480000)
  to   space 33280K, 0% used [0x00000000e9480000,0x00000000e9480000,0x00000000eb500000)
 ParOldGen       total 116736K, used 47231K [0x0000000082000000, 0x0000000089200000, 0x00000000d6000000)
  object space 116736K, 40% used [0x0000000082000000,0x0000000084e1fd60,0x0000000089200000)
 Metaspace       used 30616K, capacity 31506K, committed 31744K, reserved 1077248K
  class space    used 4042K, capacity 4229K, committed 4352K, reserved 1048576K
}
Event: 9.684 GC heap before
{Heap before GC invocations=12 (full 2):
 PSYoungGen      total 217600K, used 201465K [0x00000000d6000000, 0x00000000eb500000, 0x0000000100000000)
  eden space 196608K, 100% used [0x00000000d6000000,0x00000000e2000000,0x00000000e2000000)
  from space 20992K, 23% used [0x00000000e2000000,0x00000000e24be678,0x00000000e3480000)
  to   space 33280K, 0% used [0x00000000e9480000,0x00000000e9480000,0x00000000eb500000)
 ParOldGen       total 116736K, used 47231K [0x0000000082000000, 0x0000000089200000, 0x00000000d6000000)
  object space 116736K, 40% used [0x0000000082000000,0x0000000084e1fd60,0x0000000089200000)
 Metaspace       used 38551K, capacity 39684K, committed 39808K, reserved 1083392K
  class space    used 4901K, capacity 5138K, committed 5248K, reserved 1048576K
Event: 9.709 GC heap after
Heap after GC invocations=12 (full 2):
 PSYoungGen      total 282112K, used 15420K [0x00000000d6000000, 0x00000000ea400000, 0x0000000100000000)
  eden space 266240K, 0% used [0x00000000d6000000,0x00000000d6000000,0x00000000e6400000)
  from space 15872K, 97% used [0x00000000e9480000,0x00000000ea38f038,0x00000000ea400000)
  to   space 31744K, 0% used [0x00000000e6600000,0x00000000e6600000,0x00000000e8500000)
 ParOldGen       total 116736K, used 47239K [0x0000000082000000, 0x0000000089200000, 0x00000000d6000000)
  object space 116736K, 40% used [0x0000000082000000,0x0000000084e21d60,0x0000000089200000)
 Metaspace       used 38551K, capacity 39684K, committed 39808K, reserved 1083392K
  class space    used 4901K, capacity 5138K, committed 5248K, reserved 1048576K
}
Event: 13.804 GC heap before
{Heap before GC invocations=13 (full 2):
 PSYoungGen      total 282112K, used 279851K [0x00000000d6000000, 0x00000000ea400000, 0x0000000100000000)
  eden space 266240K, 99% used [0x00000000d6000000,0x00000000e623be50,0x00000000e6400000)
  from space 15872K, 97% used [0x00000000e9480000,0x00000000ea38f038,0x00000000ea400000)
  to   space 31744K, 0% used [0x00000000e6600000,0x00000000e6600000,0x00000000e8500000)
 ParOldGen       total 116736K, used 47239K [0x0000000082000000, 0x0000000089200000, 0x00000000d6000000)
  object space 116736K, 40% used [0x0000000082000000,0x0000000084e21d60,0x0000000089200000)
 Metaspace       used 51461K, capacity 52820K, committed 52908K, reserved 1095680K
  class space    used 6565K, capacity 6860K, committed 6912K, reserved 1048576K
Event: 13.845 GC heap after
Heap after GC invocations=13 (full 2):
 PSYoungGen      total 300032K, used 17538K [0x00000000d6000000, 0x00000000ef500000, 0x0000000100000000)
  eden space 268288K, 0% used [0x00000000d6000000,0x00000000d6000000,0x00000000e6600000)
  from space 31744K, 55% used [0x00000000e6600000,0x00000000e7720950,0x00000000e8500000)
  to   space 31232K, 0% used [0x00000000ed680000,0x00000000ed680000,0x00000000ef500000)
 ParOldGen       total 116736K, used 56690K [0x0000000082000000, 0x0000000089200000, 0x00000000d6000000)
  object space 116736K, 48% used [0x0000000082000000,0x000000008575c990,0x0000000089200000)
 Metaspace       used 51461K, capacity 52820K, committed 52908K, reserved 1095680K
  class space    used 6565K, capacity 6860K, committed 6912K, reserved 1048576K
}
Event: 13.845 GC heap before
{Heap before GC invocations=14 (full 3):
 PSYoungGen      total 300032K, used 17538K [0x00000000d6000000, 0x00000000ef500000, 0x0000000100000000)
  eden space 268288K, 0% used [0x00000000d6000000,0x00000000d6000000,0x00000000e6600000)
  from space 31744K, 55% used [0x00000000e6600000,0x00000000e7720950,0x00000000e8500000)
  to   space 31232K, 0% used [0x00000000ed680000,0x00000000ed680000,0x00000000ef500000)
 ParOldGen       total 116736K, used 56690K [0x0000000082000000, 0x0000000089200000, 0x00000000d6000000)
  object space 116736K, 48% used [0x0000000082000000,0x000000008575c990,0x0000000089200000)
 Metaspace       used 51461K, capacity 52820K, committed 52908K, reserved 1095680K
  class space    used 6565K, capacity 6860K, committed 6912K, reserved 1048576K
Event: 14.050 GC heap after
Heap after GC invocations=14 (full 3):
 PSYoungGen      total 300032K, used 0K [0x00000000d6000000, 0x00000000ef500000, 0x0000000100000000)
  eden space 268288K, 0% used [0x00000000d6000000,0x00000000d6000000,0x00000000e6600000)
  from space 31744K, 0% used [0x00000000e6600000,0x00000000e6600000,0x00000000e8500000)
  to   space 31232K, 0% used [0x00000000ed680000,0x00000000ed680000,0x00000000ef500000)
 ParOldGen       total 133632K, used 47954K [0x0000000082000000, 0x000000008a280000, 0x00000000d6000000)
  object space 133632K, 35% used [0x0000000082000000,0x0000000084ed4b50,0x000000008a280000)
 Metaspace       used 51461K, capacity 52820K, committed 52908K, reserved 1095680K
  class space    used 6565K, capacity 6860K, committed 6912K, reserved 1048576K
}

Deoptimization events (10 events):
Event: 14.633 Thread 0x0000000005577000 Uncommon trap: reason=unhandled action=none pc=0x0000000005bd39ac method=java.net.URLClassLoader.findClass(Ljava/lang/String;)Ljava/lang/Class; @ 44
Event: 14.634 Thread 0x0000000005577000 Uncommon trap: reason=unhandled action=none pc=0x0000000005bd39ac method=java.net.URLClassLoader.findClass(Ljava/lang/String;)Ljava/lang/Class; @ 44
Event: 14.635 Thread 0x0000000005577000 Uncommon trap: reason=unhandled action=none pc=0x0000000005bd39ac method=java.net.URLClassLoader.findClass(Ljava/lang/String;)Ljava/lang/Class; @ 44
Event: 14.635 Thread 0x0000000005577000 Uncommon trap: reason=unhandled action=none pc=0x0000000005bd39ac method=java.net.URLClassLoader.findClass(Ljava/lang/String;)Ljava/lang/Class; @ 44
Event: 14.636 Thread 0x0000000005577000 Uncommon trap: reason=unhandled action=none pc=0x0000000005bd39ac method=java.net.URLClassLoader.findClass(Ljava/lang/String;)Ljava/lang/Class; @ 44
Event: 14.636 Thread 0x0000000005577000 Uncommon trap: reason=unhandled action=none pc=0x0000000005bd39ac method=java.net.URLClassLoader.findClass(Ljava/lang/String;)Ljava/lang/Class; @ 44
Event: 14.637 Thread 0x0000000005577000 Uncommon trap: reason=unhandled action=none pc=0x0000000005bd39ac method=java.net.URLClassLoader.findClass(Ljava/lang/String;)Ljava/lang/Class; @ 44
Event: 14.637 Thread 0x0000000005577000 Uncommon trap: reason=unhandled action=none pc=0x0000000005bd39ac method=java.net.URLClassLoader.findClass(Ljava/lang/String;)Ljava/lang/Class; @ 44
Event: 14.637 Thread 0x0000000005577000 Uncommon trap: reason=unhandled action=none pc=0x0000000005bd39ac method=java.net.URLClassLoader.findClass(Ljava/lang/String;)Ljava/lang/Class; @ 44
Event: 14.638 Thread 0x0000000005577000 Uncommon trap: reason=unhandled action=none pc=0x0000000005bd39ac method=java.net.URLClassLoader.findClass(Ljava/lang/String;)Ljava/lang/Class; @ 44

Internal exceptions (10 events):
Event: 14.621 Thread 0x0000000005577000 Exception <a 'java/lang/ArrayIndexOutOfBoundsException': 23> (0x00000000d8dec030) thrown at [C:\re\workspace\8-2-build-windows-amd64-cygwin\jdk8u91\7017\hotspot\src\share\vm\interpreter\interpreterRuntime.cpp, line 366]
Event: 14.622 Thread 0x0000000005577000 Exception <a 'java/lang/ArrayIndexOutOfBoundsException': 23> (0x00000000d8ded620) thrown at [C:\re\workspace\8-2-build-windows-amd64-cygwin\jdk8u91\7017\hotspot\src\share\vm\interpreter\interpreterRuntime.cpp, line 366]
Event: 14.622 Thread 0x0000000005577000 Exception <a 'java/lang/ArrayIndexOutOfBoundsException': 97> (0x00000000d8df9758) thrown at [C:\re\workspace\8-2-build-windows-amd64-cygwin\jdk8u91\7017\hotspot\src\share\vm\interpreter\interpreterRuntime.cpp, line 366]
Event: 14.622 Thread 0x0000000005577000 Exception <a 'java/lang/ArrayIndexOutOfBoundsException': 40> (0x00000000d8dfc118) thrown at [C:\re\workspace\8-2-build-windows-amd64-cygwin\jdk8u91\7017\hotspot\src\share\vm\interpreter\interpreterRuntime.cpp, line 366]
Event: 14.622 Thread 0x0000000005577000 Exception <a 'java/lang/ArrayIndexOutOfBoundsException': 47> (0x00000000d8dfd950) thrown at [C:\re\workspace\8-2-build-windows-amd64-cygwin\jdk8u91\7017\hotspot\src\share\vm\interpreter\interpreterRuntime.cpp, line 366]
Event: 14.622 Thread 0x0000000005577000 Exception <a 'java/lang/ArrayIndexOutOfBoundsException': 63> (0x00000000d8dff6f0) thrown at [C:\re\workspace\8-2-build-windows-amd64-cygwin\jdk8u91\7017\hotspot\src\share\vm\interpreter\interpreterRuntime.cpp, line 366]
Event: 14.622 Thread 0x0000000005577000 Exception <a 'java/lang/ArrayIndexOutOfBoundsException': 97> (0x00000000d8e046c8) thrown at [C:\re\workspace\8-2-build-windows-amd64-cygwin\jdk8u91\7017\hotspot\src\share\vm\interpreter\interpreterRuntime.cpp, line 366]
Event: 14.623 Thread 0x0000000005577000 Exception <a 'java/lang/ArrayIndexOutOfBoundsException': 40> (0x00000000d8e07000) thrown at [C:\re\workspace\8-2-build-windows-amd64-cygwin\jdk8u91\7017\hotspot\src\share\vm\interpreter\interpreterRuntime.cpp, line 366]
Event: 14.623 Thread 0x0000000005577000 Exception <a 'java/lang/ArrayIndexOutOfBoundsException': 47> (0x00000000d8e08890) thrown at [C:\re\workspace\8-2-build-windows-amd64-cygwin\jdk8u91\7017\hotspot\src\share\vm\interpreter\interpreterRuntime.cpp, line 366]
Event: 14.623 Thread 0x0000000005577000 Exception <a 'java/lang/ArrayIndexOutOfBoundsException': 63> (0x00000000d8e0a618) thrown at [C:\re\workspace\8-2-build-windows-amd64-cygwin\jdk8u91\7017\hotspot\src\share\vm\interpreter\interpreterRuntime.cpp, line 366]

Events (10 events):
Event: 14.637 Thread 0x0000000005577000 Uncommon trap: trap_request=0xffffffa7 fr.pc=0x0000000005bd39ac
Event: 14.637 Thread 0x0000000005577000 DEOPT PACKING pc=0x0000000005bd39ac sp=0x000000000556a3b0
Event: 14.637 Thread 0x0000000005577000 DEOPT UNPACKING pc=0x00000000056b582a sp=0x000000000556a2a8 mode 2
Event: 14.638 loading class com/google/common/base/Predicates$ObjectPredicate$4
Event: 14.638 loading class com/google/common/base/Predicates$ObjectPredicate$4 done
Event: 14.638 Thread 0x0000000005577000 Uncommon trap: trap_request=0xffffffa7 fr.pc=0x0000000005bd39ac
Event: 14.638 Thread 0x0000000005577000 DEOPT PACKING pc=0x0000000005bd39ac sp=0x000000000556a3b0
Event: 14.638 Thread 0x0000000005577000 DEOPT UNPACKING pc=0x00000000056b582a sp=0x000000000556a2a8 mode 2
Event: 14.638 loading class springfox/documentation/spring/web/plugins/ApiSelectorBuilder
Event: 14.638 loading class springfox/documentation/spring/web/plugins/ApiSelectorBuilder done


Dynamic libraries:
0x00007ff74d7f0000 - 0x00007ff74d827000 	F:\work\Java\jre1.8\bin\javaw.exe
0x00007ff92ede0000 - 0x00007ff92efc0000 	C:\WINDOWS\SYSTEM32\ntdll.dll
0x00007ff92daa0000 - 0x00007ff92db4e000 	C:\WINDOWS\System32\KERNEL32.DLL
0x00007ff92b400000 - 0x00007ff92b666000 	C:\WINDOWS\System32\KERNELBASE.dll
0x00007ff92d9e0000 - 0x00007ff92da81000 	C:\WINDOWS\System32\ADVAPI32.dll
0x00007ff92c1d0000 - 0x00007ff92c26d000 	C:\WINDOWS\System32\msvcrt.dll
0x00007ff92c100000 - 0x00007ff92c15b000 	C:\WINDOWS\System32\sechost.dll
0x00007ff92c270000 - 0x00007ff92c38f000 	C:\WINDOWS\System32\RPCRT4.dll
0x00007ff92e550000 - 0x00007ff92e6df000 	C:\WINDOWS\System32\USER32.dll
0x00007ff92b160000 - 0x00007ff92b180000 	C:\WINDOWS\System32\win32u.dll
0x00007ff92e9a0000 - 0x00007ff92e9c8000 	C:\WINDOWS\System32\GDI32.dll
0x00007ff92be30000 - 0x00007ff92bfc3000 	C:\WINDOWS\System32\gdi32full.dll
0x00007ff92af70000 - 0x00007ff92b00b000 	C:\WINDOWS\System32\msvcp_win.dll
0x00007ff92b010000 - 0x00007ff92b106000 	C:\WINDOWS\System32\ucrtbase.dll
0x00007ff91f530000 - 0x00007ff91f799000 	C:\WINDOWS\WinSxS\amd64_microsoft.windows.common-controls_6595b64144ccf1df_6.0.16299.431_none_15c7d3ee93659e73\COMCTL32.dll
0x00007ff92e9d0000 - 0x00007ff92ecd8000 	C:\WINDOWS\System32\combase.dll
0x00007ff92aef0000 - 0x00007ff92af62000 	C:\WINDOWS\System32\bcryptPrimitives.dll
0x00007ff92e830000 - 0x00007ff92e85d000 	C:\WINDOWS\System32\IMM32.DLL
0x00000000578e0000 - 0x00000000579b2000 	F:\work\Java\jre1.8\bin\msvcr100.dll
0x0000000057040000 - 0x00000000578d3000 	F:\work\Java\jre1.8\bin\server\jvm.dll
0x00007ff92bfd0000 - 0x00007ff92bff3000 	C:\WINDOWS\System32\WINMM.dll
0x00007ff92aec0000 - 0x00007ff92aeea000 	C:\WINDOWS\System32\WINMMBASE.dll
0x00007ff92b110000 - 0x00007ff92b15a000 	C:\WINDOWS\System32\cfgmgr32.dll
0x00007ff92e090000 - 0x00007ff92e098000 	C:\WINDOWS\System32\PSAPI.DLL
0x00007ff929b90000 - 0x00007ff929b99000 	C:\WINDOWS\SYSTEM32\WSOCK32.dll
0x00007ff92c160000 - 0x00007ff92c1cc000 	C:\WINDOWS\System32\WS2_32.dll
0x00007ff9246f0000 - 0x00007ff9246fa000 	C:\WINDOWS\SYSTEM32\VERSION.dll
0x0000000057d40000 - 0x0000000057d4f000 	F:\work\Java\jre1.8\bin\verify.dll
0x0000000057d10000 - 0x0000000057d39000 	F:\work\Java\jre1.8\bin\java.dll
0x0000000057cd0000 - 0x0000000057d05000 	F:\work\Java\jre1.8\bin\jdwp.dll
0x0000000057030000 - 0x0000000057038000 	F:\work\Java\jre1.8\bin\npt.dll
0x0000000057010000 - 0x0000000057026000 	F:\work\Java\jre1.8\bin\zip.dll
0x00007ff92c3f0000 - 0x00007ff92d828000 	C:\WINDOWS\System32\SHELL32.dll
0x00007ff92e8f0000 - 0x00007ff92e996000 	C:\WINDOWS\System32\shcore.dll
0x00007ff92b670000 - 0x00007ff92bdb7000 	C:\WINDOWS\System32\windows.storage.dll
0x00007ff92c390000 - 0x00007ff92c3e1000 	C:\WINDOWS\System32\shlwapi.dll
0x00007ff92ae60000 - 0x00007ff92ae71000 	C:\WINDOWS\System32\kernel.appcore.dll
0x00007ff92c0b0000 - 0x00007ff92c0fc000 	C:\WINDOWS\System32\powrprof.dll
0x00007ff92aea0000 - 0x00007ff92aebb000 	C:\WINDOWS\System32\profapi.dll
0x0000000057000000 - 0x0000000057009000 	F:\work\Java\jre1.8\bin\dt_socket.dll
0x00007ff9186b0000 - 0x00007ff9186c6000 	C:\WINDOWS\system32\napinsp.dll
0x00007ff918690000 - 0x00007ff9186aa000 	C:\WINDOWS\system32\pnrpnsp.dll
0x00007ff9278b0000 - 0x00007ff9278c8000 	C:\WINDOWS\system32\NLAapi.dll
0x00007ff92a6c0000 - 0x00007ff92a726000 	C:\WINDOWS\System32\mswsock.dll
0x00007ff92a490000 - 0x00007ff92a546000 	C:\WINDOWS\SYSTEM32\DNSAPI.dll
0x00007ff92ece0000 - 0x00007ff92ece8000 	C:\WINDOWS\System32\NSI.dll
0x00007ff92a450000 - 0x00007ff92a489000 	C:\WINDOWS\SYSTEM32\IPHLPAPI.DLL
0x00007ff918680000 - 0x00007ff91868e000 	C:\WINDOWS\System32\winrnr.dll
0x00007ff918660000 - 0x00007ff918675000 	C:\WINDOWS\System32\wshbth.dll
0x00007ff91e670000 - 0x00007ff91e784000 	C:\WINDOWS\SysWOW64\ierd_tgp_lsp64.dll
0x00007ff92d890000 - 0x00007ff92d9d9000 	C:\WINDOWS\System32\ole32.dll
0x00007ff91ec00000 - 0x00007ff91ec0a000 	C:\WINDOWS\system32\wshqos.dll
0x00007ff91ebf0000 - 0x00007ff91ebf8000 	C:\WINDOWS\SYSTEM32\wshtcpip.DLL
0x00007ff91ebe0000 - 0x00007ff91ebe8000 	C:\WINDOWS\SYSTEM32\wship6.dll
0x00007ff9213e0000 - 0x00007ff921450000 	C:\WINDOWS\System32\fwpuclnt.dll
0x00007ff92a990000 - 0x00007ff92a9b5000 	C:\WINDOWS\SYSTEM32\bcrypt.dll
0x00007ff9215c0000 - 0x00007ff9215ca000 	C:\Windows\System32\rasadhlp.dll
0x0000000056fe0000 - 0x0000000056ffa000 	F:\work\Java\jre1.8\bin\net.dll
0x0000000056fc0000 - 0x0000000056fd1000 	F:\work\Java\jre1.8\bin\nio.dll
0x0000000056fb0000 - 0x0000000056fbd000 	F:\work\Java\jre1.8\bin\management.dll
0x0000000056f80000 - 0x0000000056fa4000 	F:\work\Java\jre1.8\bin\sunec.dll
0x00007ff92a880000 - 0x00007ff92a897000 	C:\WINDOWS\SYSTEM32\CRYPTSP.dll
0x00007ff92a2c0000 - 0x00007ff92a2f3000 	C:\WINDOWS\system32\rsaenh.dll
0x00007ff92ad90000 - 0x00007ff92adb9000 	C:\WINDOWS\SYSTEM32\USERENV.dll
0x00007ff92a8a0000 - 0x00007ff92a8ab000 	C:\WINDOWS\SYSTEM32\CRYPTBASE.dll
0x00007ff923440000 - 0x00007ff923456000 	C:\WINDOWS\SYSTEM32\dhcpcsvc6.DLL
0x00007ff924060000 - 0x00007ff92407a000 	C:\WINDOWS\SYSTEM32\dhcpcsvc.DLL

VM Arguments:
jvm_args: -agentlib:jdwp=transport=dt_socket,suspend=y,address=localhost:50565 -ea -Dfile.encoding=UTF-8 
java_command: org.eclipse.jdt.internal.junit.runner.RemoteTestRunner -version 3 -port 50564 -testLoaderClass org.eclipse.jdt.internal.junit4.runner.JUnit4TestLoader -loaderpluginname org.eclipse.jdt.junit4.runtime -test boot1.controller.BeetlSqlControllerTest:testManyQuery2
java_class_path (initial): F:\work\git_boot1\boot1\target\test-classes;F:\work\git_boot1\boot1\target\classes;C:\Users\ASUS\.m2\repository\org\springframework\boot\spring-boot-starter-web\2.0.2.RELEASE\spring-boot-starter-web-2.0.2.RELEASE.jar;C:\Users\ASUS\.m2\repository\org\springframework\boot\spring-boot-starter\2.0.2.RELEASE\spring-boot-starter-2.0.2.RELEASE.jar;C:\Users\ASUS\.m2\repository\org\springframework\boot\spring-boot-starter-logging\2.0.2.RELEASE\spring-boot-starter-logging-2.0.2.RELEASE.jar;C:\Users\ASUS\.m2\repository\ch\qos\logback\logback-classic\1.2.3\logback-classic-1.2.3.jar;C:\Users\ASUS\.m2\repository\ch\qos\logback\logback-core\1.2.3\logback-core-1.2.3.jar;C:\Users\ASUS\.m2\repository\org\apache\logging\log4j\log4j-to-slf4j\2.10.0\log4j-to-slf4j-2.10.0.jar;C:\Users\ASUS\.m2\repository\org\apache\logging\log4j\log4j-api\2.10.0\log4j-api-2.10.0.jar;C:\Users\ASUS\.m2\repository\org\slf4j\jul-to-slf4j\1.7.25\jul-to-slf4j-1.7.25.jar;C:\Users\ASUS\.m2\repository\javax\annotation\javax.annotation-api\1.3.2\javax.annotation-api-1.3.2.jar;C:\Users\ASUS\.m2\repository\org\yaml\snakeyaml\1.19\snakeyaml-1.19.jar;C:\Users\ASUS\.m2\repository\org\springframework\boot\spring-boot-starter-json\2.0.2.RELEASE\spring-boot-starter-json-2.0.2.RELEASE.jar;C:\Users\ASUS\.m2\repository\com\fasterxml\jackson\core\jackson-databind\2.9.5\jackson-databind-2.9.5.jar;C:\Users\ASUS\.m2\repository\com\fasterxml\jackson\core\jackson-core\2.9.5\jackson-core-2.9.5.jar;C:\Users\ASUS\.m2\repository\com\fasterxml\jackson\datatype\jackson-datatype-jdk8\2.9.5\jackson-datatype-jdk8-2.9.5.jar;C:\Users\ASUS\.m2\repository\com\fasterxml\jackson\datatype\jackson-datatype-jsr310\2.9.5\jackson-datatype-jsr310-2.9.5.jar;C:\Users\ASUS\.m2\repository\com\fasterxml\jackson\module\jackson-module-parameter-names\2.9.5\jackson-module-parameter-names-2.9.5.jar;C:\Users\ASUS\.m2\repository\org\springframework\boot\spring-boot-starter-tomcat\2.0.2.RELEASE\spring-boot-starter-tomcat-2.0.2.RELEASE
Launcher Type: SUN_STANDARD

Environment Variables:
JAVA_HOME=F:\work\Java\jdk1.8
CLASSPATH=.;F:\work\Java\jdk1.8\lib;F:\work\Java\jdk1.8\lib\tools.jar
PATH=F:/work/Java/jdk1.8/bin/../jre/bin/server;F:/work/Java/jdk1.8/bin/../jre/bin;F:/work/Java/jdk1.8/bin/../jre/lib/amd64;F:\work\Java\jdk1.8\bin;F:\work\Java\jdk1.8\jre\bin;C:\ProgramData\Oracle\Java\javapath;C:\Program Files (x86)\Intel\iCLS Client\;C:\Program Files\Intel\iCLS Client\;C:\Windows\system32;C:\Windows;C:\Windows\System32\Wbem;C:\Windows\System32\WindowsPowerShell\v1.0\;C:\Program Files (x86)\Intel\Intel(R) Management Engine Components\DAL;C:\Program Files\Intel\Intel(R) Management Engine Components\DAL;C:\Program Files (x86)\Intel\Intel(R) Management Engine Components\IPT;C:\Program Files\Intel\Intel(R) Management Engine Components\IPT;C:\Program Files (x86)\NVIDIA Corporation\PhysX\Common;C:\WINDOWS\system32;C:\WINDOWS;C:\WINDOWS\System32\Wbem;C:\WINDOWS\System32\WindowsPowerShell\v1.0\;C:\Windows\Microsoft.NET\Framework\v2.0.50727;F:\Mysoftware\nodejs\;F:\work\Python36\Lib\site-packages\Django-2.0.3-py3.6.egg\django\bin;F:\work\Python36\Scripts\;F:\work\Python36\;C:\Users\ASUS\AppData\Local\Microsoft\WindowsApps;C:\Users\ASUS\AppData\Roaming\npm;;C:\Users\ASUS\Desktop;
USERNAME=ASUS
OS=Windows_NT
PROCESSOR_IDENTIFIER=Intel64 Family 6 Model 78 Stepping 3, GenuineIntel



---------------  S Y S T E M  ---------------

OS: Windows 10.0 , 64 bit Build 16299 (10.0.16299.431)

CPU:total 4 (2 cores per cpu, 2 threads per core) family 6 model 78 stepping 3, cmov, cx8, fxsr, mmx, sse, sse2, sse3, ssse3, sse4.1, sse4.2, popcnt, avx, avx2, aes, clmul, erms, 3dnowpref, lzcnt, ht, tsc, tscinvbit, bmi1, bmi2, adx

Memory: 4k page, physical 8249476k(2647240k free), swap 9298052k(6680k free)

vm_info: Java HotSpot(TM) 64-Bit Server VM (25.91-b15) for windows-amd64 JRE (1.8.0_91-b15), built on May 20 2016 17:43:15 by "java_re" with MS VC++ 10.0 (VS2010)

time: Sun May 27 01:21:45 2018
elapsed time: 14 seconds (0d 0h 0m 14s)

